#-----------------------------------------------------------
# Vivado v2024.2 (64-bit)
# SW Build 5239630 on Fri Nov 08 22:35:27 MST 2024
# IP Build 5239520 on Sun Nov 10 16:12:51 MST 2024
# SharedData Build 5239561 on Fri Nov 08 14:39:27 MST 2024
# Start of session at: Tue Jun  3 08:56:51 2025
# Process ID         : 13848
# Current directory  : C:/Users/arkap/FIFO_mem
# Command line       : vivado.exe -gui_launcher_event rodinguilauncherevent27076 C:\Users\arkap\FIFO_mem\FIFO_mem.xpr
# Log file           : C:/Users/arkap/FIFO_mem/vivado.log
# Journal file       : C:/Users/arkap/FIFO_mem\vivado.jou
# Running On         : DELL_G15_PAUL
# Platform           : Windows Server 2016 or Windows 10
# Operating System   : 26100
# Processor Detail   : 12th Gen Intel(R) Core(TM) i5-12500H
# CPU Frequency      : 3110 MHz
# CPU Physical cores : 12
# CPU Logical cores  : 16
# Host memory        : 16849 MB
# Swap memory        : 3489 MB
# Total Virtual      : 20338 MB
# Available Virtual  : 5703 MB
#-----------------------------------------------------------
start_gui
open_project C:/Users/arkap/FIFO_mem/FIFO_mem.xpr
INFO: [filemgmt 56-3] Default IP Output Path : Could not find the directory 'C:/Users/arkap/FIFO_mem/FIFO_mem.gen/sources_1'.
Scanning sources...
Finished scanning sources
INFO: [IP_Flow 19-234] Refreshing IP repositories
INFO: [IP_Flow 19-1704] No user IP repositories specified
INFO: [IP_Flow 19-2313] Loaded Vivado IP repository 'C:/Xilinx_new/Vivado/2024.2/data/ip'.
update_compile_order -fileset sources_1
exit
INFO: [Common 17-206] Exiting Vivado at Tue Jun  3 08:57:46 2025...
